{
  "meta": {
    "version": "7.3.2",
    "timestamp": "2024-01-15T10:30:00",
    "branch_coverage": true,
    "show_contexts": false
  },
  "files": {
    "src/user.py": {
      "executed_lines": [1, 2, 3, 5, 6, 8, 9, 10, 12, 15, 16, 18, 20, 22, 25],
      "missing_lines": [27, 28, 30],
      "excluded_lines": [],
      "summary": {
        "covered_lines": 15,
        "num_statements": 18,
        "percent_covered": 83.33,
        "missing_lines": 3,
        "excluded_lines": 0
      }
    },
    "src/auth.py": {
      "executed_lines": [1, 2, 4, 5, 7, 8, 10, 12, 15, 18],
      "missing_lines": [20, 22],
      "excluded_lines": [],
      "summary": {
        "covered_lines": 10,
        "num_statements": 12,
        "percent_covered": 83.33,
        "missing_lines": 2,
        "excluded_lines": 0
      }
    }
  },
  "totals": {
    "covered_lines": 245,
    "num_statements": 298,
    "percent_covered": 82.21,
    "missing_lines": 53,
    "excluded_lines": 12,
    "num_branches": 64,
    "num_partial_branches": 8,
    "covered_branches": 56,
    "percent_covered_display": "82"
  }
}
