{
  "numTotalTestSuites": 1,
  "numPassedTestSuites": 0,
  "numFailedTestSuites": 1,
  "numPendingTestSuites": 0,
  "numTotalTests": 3,
  "numPassedTests": 1,
  "numFailedTests": 2,
  "numPendingTests": 0,
  "numTodoTests": 0,
  "startTime": 1699564800000,
  "success": false,
  "testResults": [
    {
      "assertionResults": [
        {
          "ancestorTitles": ["PaymentService"],
          "fullName": "PaymentService should process payment",
          "status": "passed",
          "title": "should process payment",
          "duration": 25,
          "failureMessages": []
        },
        {
          "ancestorTitles": ["PaymentService"],
          "fullName": "PaymentService should refund payment",
          "status": "failed",
          "title": "should refund payment",
          "duration": 18,
          "failureMessages": [
            "Expected refund amount to be 100, but got 0"
          ]
        },
        {
          "ancestorTitles": ["PaymentService"],
          "fullName": "PaymentService should handle declined payment",
          "status": "failed",
          "title": "should handle declined payment",
          "duration": 12,
          "failureMessages": [
            "Error: Payment gateway timeout\n    at PaymentService.process (payment-service.ts:45:11)\n    at Object.<anonymous> (payment-service.spec.ts:32:18)"
          ]
        }
      ],
      "startTime": 1699564800000,
      "endTime": 1699564800100,
      "status": "failed",
      "name": "/path/to/payment-service.spec.ts"
    }
  ]
}
